<?xml version="1.0" encoding="UTF-8" ?>
<testsuites>
    <testsuite name="Suite10">
        <testcase name="success" class="Suite1"></testcase>
    </testsuite>
    <testsuite name="Suite20">
        <testcase name="success" class="Suite2"></testcase>
    </testsuite>
    <testsuite name="FailedSuite1">
        <testcase name="failure11" class="FailedSuite1">
            <failure>Failure due to assertion</failure>
        </testcase>
    </testsuite>
    <testsuite name="FailedSuite2">
        <testcase name="failure21" class="FailedSuite1">
            <failure>Failure due to assertion</failure>
        </testcase>
    </testsuite>
</testsuites>
