<?xml version="1.0" encoding="UTF-8" ?>
<testsuite name="CustomClass" failures="1">
    <testcase name="multfailure" class="CustomClass" assertions="5">
        <failure>Failure 10</failure>
        <failure>Failure 20</failure>
    </testcase>

</testsuite>